<?xml version="1.0" encoding="UTF-8"?>
<!-- Generated by org.testng.reporters.JUnitReportReporter -->
<testsuite hostname="LIN-PF312D66" failures="0" tests="1" name="arijit_DataProviderutils.ExcelData" time="0.459" errors="0" timestamp="2024-04-15T00:16:56 IST" skipped="0">
  <testcase classname="arijit_DataProviderutils.ExcelData" name="getExcelData" time="0.459"/>
  <system-out/>
</testsuite> <!-- arijit_DataProviderutils.ExcelData -->
