<?xml version="1.0" encoding="UTF-8"?>
<!-- Generated by org.testng.reporters.JUnitReportReporter -->
<testsuite hostname="LIN-PF312D66" failures="0" tests="1" name="Automation.Arijit_Framework.AppTest" time="77.348" errors="0" timestamp="8 Apr 2024 18:19:53 GMT">
  <testcase classname="Automation.Arijit_Framework.AppTest" name="submitorder" time="77.348"/>
</testsuite> <!-- Automation.Arijit_Framework.AppTest -->
