<?xml version="1.0" encoding="UTF-8"?>
<!-- Generated by org.testng.reporters.JUnitReportReporter -->
<testsuite hostname="LIN-PF312D66" failures="0" tests="1" name="Automation.Arijit_Framework.ECommerce" time="102.297" errors="0" timestamp="9 Apr 2024 09:52:32 GMT">
  <testcase classname="Automation.Arijit_Framework.ECommerce" name="submitorder" time="102.297"/>
</testsuite> <!-- Automation.Arijit_Framework.ECommerce -->
